2022-08-13 16:15:13.523  INFO 5952 --- [main] com.example.demo.DemoApplication         : Starting DemoApplication using Java 18.0.1.1 on DESKTOP-4D7S309 with PID 5952 (C:\Users\Hsoon\Desktop\springLearningProject\target\classes started by Hsoon in C:\Users\Hsoon\Desktop\springLearningProject)
2022-08-13 16:15:13.525  INFO 5952 --- [main] com.example.demo.DemoApplication         : No active profile set, falling back to 1 default profile: "default"
2022-08-13 16:15:14.381  INFO 5952 --- [main] .s.d.r.c.RepositoryConfigurationDelegate : Bootstrapping Spring Data JPA repositories in DEFAULT mode.
2022-08-13 16:15:14.442  INFO 5952 --- [main] .s.d.r.c.RepositoryConfigurationDelegate : Finished Spring Data repository scanning in 53 ms. Found 4 JPA repository interfaces.
2022-08-13 16:15:14.951  INFO 5952 --- [main] o.s.b.w.embedded.tomcat.TomcatWebServer  : Tomcat initialized with port(s): 8081 (http)
2022-08-13 16:15:14.957  INFO 5952 --- [main] o.apache.catalina.core.StandardService   : Starting service [Tomcat]
2022-08-13 16:15:14.957  INFO 5952 --- [main] org.apache.catalina.core.StandardEngine  : Starting Servlet engine: [Apache Tomcat/9.0.64]
2022-08-13 16:15:15.063  INFO 5952 --- [main] o.a.c.c.C.[Tomcat].[localhost].[/]       : Initializing Spring embedded WebApplicationContext
2022-08-13 16:15:15.064  INFO 5952 --- [main] w.s.c.ServletWebServerApplicationContext : Root WebApplicationContext: initialization completed in 1486 ms
2022-08-13 16:15:15.131  WARN 5952 --- [main] JpaBaseConfiguration$JpaWebConfiguration : spring.jpa.open-in-view is enabled by default. Therefore, database queries may be performed during view rendering. Explicitly configure spring.jpa.open-in-view to disable this warning
2022-08-13 16:15:15.189  INFO 5952 --- [main] com.zaxxer.hikari.HikariDataSource       : HikariPool-1 - Starting...
2022-08-13 16:15:15.320  INFO 5952 --- [main] com.zaxxer.hikari.HikariDataSource       : HikariPool-1 - Start completed.
2022-08-13 16:15:15.362  INFO 5952 --- [main] o.hibernate.jpa.internal.util.LogHelper  : HHH000204: Processing PersistenceUnitInfo [name: default]
2022-08-13 16:15:15.399  INFO 5952 --- [main] org.hibernate.Version                    : HHH000412: Hibernate ORM core version 5.6.9.Final
2022-08-13 16:15:15.512  INFO 5952 --- [main] o.hibernate.annotations.common.Version   : HCANN000001: Hibernate Commons Annotations {5.1.2.Final}
2022-08-13 16:15:15.597  INFO 5952 --- [main] org.hibernate.dialect.Dialect            : HHH000400: Using dialect: org.hibernate.dialect.PostgreSQL10Dialect
2022-08-13 16:15:16.142  INFO 5952 --- [main] o.h.e.t.j.p.i.JtaPlatformInitiator       : HHH000490: Using JtaPlatform implementation: [org.hibernate.engine.transaction.jta.platform.internal.NoJtaPlatform]
2022-08-13 16:15:16.148  INFO 5952 --- [main] j.LocalContainerEntityManagerFactoryBean : Initialized JPA EntityManagerFactory for persistence unit 'default'
2022-08-13 16:15:16.991  WARN 5952 --- [main] o.s.s.c.a.web.builders.WebSecurity       : You are asking Spring Security to ignore Ant [pattern='/v2/api-docs']. This is not recommended -- please use permitAll via HttpSecurity#authorizeHttpRequests instead.
2022-08-13 16:15:16.992  INFO 5952 --- [main] o.s.s.web.DefaultSecurityFilterChain     : Will not secure Ant [pattern='/v2/api-docs']
2022-08-13 16:15:16.992  WARN 5952 --- [main] o.s.s.c.a.web.builders.WebSecurity       : You are asking Spring Security to ignore Ant [pattern='/configuration/ui']. This is not recommended -- please use permitAll via HttpSecurity#authorizeHttpRequests instead.
2022-08-13 16:15:16.992  INFO 5952 --- [main] o.s.s.web.DefaultSecurityFilterChain     : Will not secure Ant [pattern='/configuration/ui']
2022-08-13 16:15:16.992  WARN 5952 --- [main] o.s.s.c.a.web.builders.WebSecurity       : You are asking Spring Security to ignore Ant [pattern='/swagger-resources/**']. This is not recommended -- please use permitAll via HttpSecurity#authorizeHttpRequests instead.
2022-08-13 16:15:16.992  INFO 5952 --- [main] o.s.s.web.DefaultSecurityFilterChain     : Will not secure Ant [pattern='/swagger-resources/**']
2022-08-13 16:15:16.992  WARN 5952 --- [main] o.s.s.c.a.web.builders.WebSecurity       : You are asking Spring Security to ignore Ant [pattern='/configuration/security']. This is not recommended -- please use permitAll via HttpSecurity#authorizeHttpRequests instead.
2022-08-13 16:15:16.993  INFO 5952 --- [main] o.s.s.web.DefaultSecurityFilterChain     : Will not secure Ant [pattern='/configuration/security']
2022-08-13 16:15:16.993  WARN 5952 --- [main] o.s.s.c.a.web.builders.WebSecurity       : You are asking Spring Security to ignore Ant [pattern='/swagger-ui.html']. This is not recommended -- please use permitAll via HttpSecurity#authorizeHttpRequests instead.
2022-08-13 16:15:16.993  INFO 5952 --- [main] o.s.s.web.DefaultSecurityFilterChain     : Will not secure Ant [pattern='/swagger-ui.html']
2022-08-13 16:15:16.993  WARN 5952 --- [main] o.s.s.c.a.web.builders.WebSecurity       : You are asking Spring Security to ignore Ant [pattern='/webjars/**']. This is not recommended -- please use permitAll via HttpSecurity#authorizeHttpRequests instead.
2022-08-13 16:15:16.993  INFO 5952 --- [main] o.s.s.web.DefaultSecurityFilterChain     : Will not secure Ant [pattern='/webjars/**']
2022-08-13 16:15:17.032  INFO 5952 --- [main] pertySourcedRequestMappingHandlerMapping : Mapped URL path [/v2/api-docs] onto method [springfox.documentation.swagger2.web.Swagger2Controller#getDocumentation(String, HttpServletRequest)]
2022-08-13 16:15:17.149  INFO 5952 --- [main] o.s.s.web.DefaultSecurityFilterChain     : Will secure any request with [org.springframework.security.web.session.DisableEncodeUrlFilter@751b901a, org.springframework.security.web.context.request.async.WebAsyncManagerIntegrationFilter@6672b0ea, org.springframework.security.web.context.SecurityContextPersistenceFilter@4c5c0306, org.springframework.security.web.header.HeaderWriterFilter@1360ef8d, org.springframework.web.filter.CorsFilter@1ccce165, org.springframework.security.web.authentication.logout.LogoutFilter@59263f7b, com.example.demo.security.jwt.AuthTokenFilter@35c95869, org.springframework.security.web.savedrequest.RequestCacheAwareFilter@4518497e, org.springframework.security.web.servletapi.SecurityContextHolderAwareRequestFilter@14d6ede3, org.springframework.security.web.authentication.AnonymousAuthenticationFilter@943cf5, org.springframework.security.web.session.SessionManagementFilter@74e1d60b, org.springframework.security.web.access.ExceptionTranslationFilter@2da0770, org.springframework.security.web.access.intercept.FilterSecurityInterceptor@4c941d19]
2022-08-13 16:15:17.404  INFO 5952 --- [main] o.s.b.w.embedded.tomcat.TomcatWebServer  : Tomcat started on port(s): 8081 (http) with context path ''
2022-08-13 16:15:17.405  INFO 5952 --- [main] d.s.w.p.DocumentationPluginsBootstrapper : Context refreshed
2022-08-13 16:15:17.418  INFO 5952 --- [main] d.s.w.p.DocumentationPluginsBootstrapper : Found 1 custom documentation plugin(s)
2022-08-13 16:15:17.446  INFO 5952 --- [main] s.d.s.w.s.ApiListingReferenceScanner     : Scanning for api listing references
2022-08-13 16:15:17.747  INFO 5952 --- [main] com.example.demo.DemoApplication         : Started DemoApplication in 4.579 seconds (JVM running for 5.209)
2022-08-13 16:16:58.554  INFO 5952 --- [SpringApplicationShutdownHook] j.LocalContainerEntityManagerFactoryBean : Closing JPA EntityManagerFactory for persistence unit 'default'
2022-08-13 16:16:58.556  INFO 5952 --- [SpringApplicationShutdownHook] com.zaxxer.hikari.HikariDataSource       : HikariPool-1 - Shutdown initiated...
2022-08-13 16:16:58.559  INFO 5952 --- [SpringApplicationShutdownHook] com.zaxxer.hikari.HikariDataSource       : HikariPool-1 - Shutdown completed.
